<?xml version="1.0" encoding="UTF-8"?>
<beans xmlns="http://www.springframework.org/schema/beans"
       xmlns:context="http://www.springframework.org/schema/context"
       xmlns:xsi="http://www.w3.org/2001/XMLSchema-instance"
       xsi:schemaLocation="http://www.springframework.org/schema/beans
        http://www.springframework.org/schema/beans/spring-beans.xsd
        http://www.springframework.org/schema/context
        http://www.springframework.org/schema/context/spring-context.xsd">

    <context:component-scan base-package="com.jk.movieland">
        <context:exclude-filter type="regex" expression="com\.jk\.movieland\.controller\..*"/>
    </context:component-scan>

    <context:property-placeholder location="classpath:test.properties"/>

    <bean id="jdbcTemplate" class="org.springframework.jdbc.core.JdbcTemplate">
        <property name="dataSource" ref="dataSource"/>
    </bean>

    <bean id="dataSource" class="org.apache.commons.dbcp2.BasicDataSource">
        <property name="username" value="${db.user}"/>
        <property name="password" value="${db.password}"/>
        <property name="url" value="${db.url}"/>
    </bean>
</beans>